0 info it worked if it ends with ok
1 verbose cli [ 'C:\\Program Files\\nodejs\\node.exe',
1 verbose cli   'C:\\Users\\George\\AppData\\Roaming\\npm\\node_modules\\npm\\bin\\npm-cli.js',
1 verbose cli   'run',
1 verbose cli   'demo.android' ]
2 info using npm@3.10.5
3 info using node@v4.4.7
4 verbose run-script [ 'predemo.android', 'demo.android', 'postdemo.android' ]
5 info lifecycle @~predemo.android: @
6 silly lifecycle @~predemo.android: no script for predemo.android, continuing
7 info lifecycle @~demo.android: @
8 verbose lifecycle @~demo.android: unsafe-perm in lifecycle true
9 verbose lifecycle @~demo.android: PATH: C:\Users\George\AppData\Roaming\npm\node_modules\npm\bin\node-gyp-bin;C:\Users\George\Source\Repos\nativescript-azure-mobile-apps\sample\node_modules\.bin;C:\Program Files\nodejs;C:\yotta\python\;C:\yotta\python\Scripts;C:\WINDOWS\system32;C:\WINDOWS;C:\WINDOWS\System32\Wbem;C:\WINDOWS\System32\WindowsPowerShell\v1.0\;C:\ProgramData\chocolatey\bin;C:\Program Files\Java\jdk1.8.0_92\bin;C:\Program Files (x86)\GNU\GnuPG\pub;C:\Program Files\Microsoft DNX\Dnvm\;C:\Program Files (x86)\Windows Kits\8.1\Windows Performance Toolkit\;C:\Program Files\Microsoft SQL Server\130\Tools\Binn\;C:\Program Files\Microsoft SQL Server\Client SDK\ODBC\130\Tools\Binn\;C:\Program Files (x86)\Microsoft SQL Server\130\Tools\Binn\;C:\Program Files\Microsoft SQL Server\130\DTS\Binn\;C:\Program Files (x86)\Microsoft SQL Server\Client SDK\ODBC\130\Tools\Binn\;C:\Program Files (x86)\Microsoft SQL Server\130\DTS\Binn\;C:\Program Files (x86)\Microsoft SQL Server\130\Tools\Binn\ManagementStudio\;C:\yotta\mercurial;C:\Program Files\Git\cmd;C:\Users\George\AppData\Roaming\nvm;C:\Program Files\nodejs;C:\Program Files (x86)\Heroku\bin;C:\HashiCorp\Vagrant\bin;C:\Program Files\Amazon\AWSCLI\;C:\Program Files (x86)\Microsoft VS Code\bin;C:\Users\George\AppData\Roaming\npm;C:\Users\George\AppData\Roaming\Dashlane\4.5.1.15044\bin\Firefox_Extension\{442718d9-475e-452a-b3e1-fb1ee16b8e9f}\components;C:\yotta\python;C:\yotta;C:\yotta\mercurial;C:\Program Files\Git\usr\bin;C:\Users\George\AppData\Roaming\nvm;C:\Program Files\nodejs;C:\yotta\gcc\bin;C:\yotta\python\Scripts;C:\yotta\cmake-3.4.0-rc3-win32-x86\bin;C:\Users\George\AppData\Roaming\Dashlane\4.5.2.15639\bin\Firefox_Extension\{442718d9-475e-452a-b3e1-fb1ee16b8e9f}\components
10 verbose lifecycle @~demo.android: CWD: C:\Users\George\Source\Repos\nativescript-azure-mobile-apps\sample
11 silly lifecycle @~demo.android: Args: [ '/d /s /c',
11 silly lifecycle   'npm uninstall nativescript-azure-mobile-apps && cd .. && grunt build && tns install && tns run android' ]
12 info lifecycle @~demo.android: Failed to exec demo.android script
13 verbose stack Error: @ demo.android: `npm uninstall nativescript-azure-mobile-apps && cd .. && grunt build && tns install && tns run android`
13 verbose stack spawn ENOENT
13 verbose stack     at ChildProcess.<anonymous> (C:\Users\George\AppData\Roaming\npm\node_modules\npm\lib\utils\spawn.js:33:16)
13 verbose stack     at emitTwo (events.js:87:13)
13 verbose stack     at ChildProcess.emit (events.js:172:7)
13 verbose stack     at maybeClose (internal/child_process.js:827:16)
13 verbose stack     at Process.ChildProcess._handle.onexit (internal/child_process.js:211:5)
14 verbose pkgid @
15 verbose cwd C:\Users\George\Source\Repos\nativescript-azure-mobile-apps\sample
16 error Windows_NT 10.0.10586
17 error argv "C:\\Program Files\\nodejs\\node.exe" "C:\\Users\\George\\AppData\\Roaming\\npm\\node_modules\\npm\\bin\\npm-cli.js" "run" "demo.android"
18 error node v4.4.7
19 error npm  v3.10.5
20 error file C:\WINDOWS\system32\cmd.exe
21 error code ELIFECYCLE
22 error errno ENOENT
23 error syscall spawn
24 error @ demo.android: `npm uninstall nativescript-azure-mobile-apps && cd .. && grunt build && tns install && tns run android`
24 error spawn ENOENT
25 error Failed at the @ demo.android script 'npm uninstall nativescript-azure-mobile-apps && cd .. && grunt build && tns install && tns run android'.
25 error Make sure you have the latest version of node.js and npm installed.
25 error If you do, this is most likely a problem with the  package,
25 error not with npm itself.
25 error Tell the author that this fails on your system:
25 error     npm uninstall nativescript-azure-mobile-apps && cd .. && grunt build && tns install && tns run android
25 error You can get information on how to open an issue for this project with:
25 error     npm bugs
25 error Or if that isn't available, you can get their info via:
25 error     npm owner ls
25 error There is likely additional logging output above.
26 verbose exit [ 1, true ]
